0 info it worked if it ends with ok
1 verbose cli [ '/home/Dom/.nvm/versions/node/v6.10.3/bin/node',
1 verbose cli   '/home/Dom/.nvm/versions/node/v6.10.3/bin/npm',
1 verbose cli   'start' ]
2 info using npm@3.10.10
3 info using node@v6.10.3
4 verbose run-script [ 'prestart', 'start', 'poststart' ]
5 info lifecycle jimmy2shoes@0.0.1~prestart: jimmy2shoes@0.0.1
6 silly lifecycle jimmy2shoes@0.0.1~prestart: no script for prestart, continuing
7 info lifecycle jimmy2shoes@0.0.1~start: jimmy2shoes@0.0.1
8 verbose lifecycle jimmy2shoes@0.0.1~start: unsafe-perm in lifecycle true
9 verbose lifecycle jimmy2shoes@0.0.1~start: PATH: /home/Dom/.nvm/versions/node/v6.10.3/lib/node_modules/npm/bin/node-gyp-bin:/home/Dom/Jimmy2Shoes/node_modules/.bin:/home/Dom/.nvm/versions/node/v6.10.3/bin:/usr/local/sbin:/usr/local/bin:/usr/sbin:/usr/bin:/sbin:/bin:/usr/games:/usr/local/games:/mnt/c/ProgramData/Oracle/Java/javapath_target_211465625:/mnt/c/Program Files (x86)/NVIDIA Corporation/PhysX/Common:/mnt/c/Windows/System32:/mnt/c/Windows:/mnt/c/Windows/System32/wbem:/mnt/c/Windows/System32/WindowsPowerShell/v1.0:/mnt/c/Program Files/Symantec.cloud/PlatformAgent:/mnt/c/Program Files (x86)/Skype/Phone:/mnt/c/Users/Dominic/AppData/Local/Microsoft/WindowsApps
10 verbose lifecycle jimmy2shoes@0.0.1~start: CWD: /home/Dom/Jimmy2Shoes
11 silly lifecycle jimmy2shoes@0.0.1~start: Args: [ '-c', 'node main.js' ]
12 silly lifecycle jimmy2shoes@0.0.1~start: Returned: code: 1  signal: null
13 info lifecycle jimmy2shoes@0.0.1~start: Failed to exec start script
14 verbose stack Error: jimmy2shoes@0.0.1 start: `node main.js`
14 verbose stack Exit status 1
14 verbose stack     at EventEmitter.<anonymous> (/home/Dom/.nvm/versions/node/v6.10.3/lib/node_modules/npm/lib/utils/lifecycle.js:255:16)
14 verbose stack     at emitTwo (events.js:106:13)
14 verbose stack     at EventEmitter.emit (events.js:191:7)
14 verbose stack     at ChildProcess.<anonymous> (/home/Dom/.nvm/versions/node/v6.10.3/lib/node_modules/npm/lib/utils/spawn.js:40:14)
14 verbose stack     at emitTwo (events.js:106:13)
14 verbose stack     at ChildProcess.emit (events.js:191:7)
14 verbose stack     at maybeClose (internal/child_process.js:886:16)
14 verbose stack     at Process.ChildProcess._handle.onexit (internal/child_process.js:226:5)
15 verbose pkgid jimmy2shoes@0.0.1
16 verbose cwd /home/Dom/Jimmy2Shoes
17 error Linux 4.4.0-43-Microsoft
18 error argv "/home/Dom/.nvm/versions/node/v6.10.3/bin/node" "/home/Dom/.nvm/versions/node/v6.10.3/bin/npm" "start"
19 error node v6.10.3
20 error npm  v3.10.10
21 error code ELIFECYCLE
22 error jimmy2shoes@0.0.1 start: `node main.js`
22 error Exit status 1
23 error Failed at the jimmy2shoes@0.0.1 start script 'node main.js'.
23 error Make sure you have the latest version of node.js and npm installed.
23 error If you do, this is most likely a problem with the jimmy2shoes package,
23 error not with npm itself.
23 error Tell the author that this fails on your system:
23 error     node main.js
23 error You can get information on how to open an issue for this project with:
23 error     npm bugs jimmy2shoes
23 error Or if that isn't available, you can get their info via:
23 error     npm owner ls jimmy2shoes
23 error There is likely additional logging output above.
24 verbose exit [ 1, true ]
